[debug] [2026-01-04T18:11:31.728Z] ----------------------------------------------------------------------
[debug] [2026-01-04T18:11:31.744Z] Command:       /nix/store/ixbb20farqh1f4fqbmsn6b1ixn8mc8ij-nodejs-20.18.1/bin/node /home/user/.global_modules/bin/firebase init
[debug] [2026-01-04T18:11:31.745Z] CLI Version:   15.1.0
[debug] [2026-01-04T18:11:31.745Z] Platform:      linux
[debug] [2026-01-04T18:11:31.745Z] Node Version:  v20.18.1
[debug] [2026-01-04T18:11:31.745Z] Time:          Sun Jan 04 2026 18:11:31 GMT+0000 (Coordinated Universal Time)
[debug] [2026-01-04T18:11:31.745Z] ----------------------------------------------------------------------
[debug] 
[debug] [2026-01-04T18:11:40.184Z] Checked if tokens are valid: true, expires at: 1767553128205
[debug] [2026-01-04T18:11:40.185Z] Checked if tokens are valid: true, expires at: 1767553128205
[debug] [2026-01-04T18:11:40.200Z] >>> [apiv2][query] GET https://monospace-pa.googleapis.com/v1/workspaces/campustrust-61179368 [none]
[debug] [2026-01-04T18:11:41.352Z] <<< [apiv2][status] GET https://monospace-pa.googleapis.com/v1/workspaces/campustrust-61179368 200
[debug] [2026-01-04T18:11:41.354Z] <<< [apiv2][body] GET https://monospace-pa.googleapis.com/v1/workspaces/campustrust-61179368 {"workspaceId":"campustrust-61179368","name":"CampusTrust","workspaceRedirectUrl":"firebase-campustrust-1767537644211.cluster-cz5nqyh5nreq6ua6gaqd7okl7o.cloudworkstations.dev","status":"WORKSPACE_STATUS_RUNNING","lastAccessDatetime":"2026-01-04T15:04:31.248743Z","workspaceTemplate":"WORKSPACE_TEMPLATE_BLANK_WEB","owner":"SELF","serviceAccountEmail":"msp-8720303040042154557@monospace-2.iam.gserviceaccount.com","enableNix":true,"ownerEmail":"salehabinteshujaat@gmail.com","workspaceImageUrl":"https://www.gstatic.com/monospace/231115/logo_nextjs.svg","templateArgs":"{\"language\":\"ts\",\"srcDir\":true,\"eslint\":true,\"app\":true,\"tailwind\":true,\"__agentic_workspace\":true}","templateRepoUrl":"file:///usr/local/monospace/templates/public/nextjs","workstationAccessToken":"eyJhbGciOiJSUzI1NiIsInR5cCI6IkpXVCJ9.eyJpc3MiOiJodHRwczovL2Nsb3VkLmdvb2dsZS5jb20vd29ya3N0YXRpb25zIiwiYXVkIjoiZmlyZWJhc2UtY2FtcHVzdHJ1c3QtMTc2NzUzNzY0NDIxMS5jbHVzdGVyLWN6NW5xeWg1bnJlcTZ1YTZnYXFkN29rbDdvLmNsb3Vkd29ya3N0YXRpb25zLmRldiIsImlhdCI6MTc2NzU1MDMwMSwiZXhwIjoxNzY3NjM2NzAxfQ.ysPs5k6wyIV6CyKL_t2Bde6AhaIWaYDJfNRX04_5FYMpStWlPt2wHmgNE-tvW3_ZVZi5k-J7jWqQuH8mJZ9VVGtgUZuSMQ0d7KsKsqpGSW10Y9grjuTm8ryzug3lj74wC-mJxikrh1wI1Wqt510ZXo7gWAvGVTcgshxOC9stZc4uMwXFBQPycnWKRmhm6ZWMJ7a4_BMRloPgdvokg34TaudX6SEd-H1TXOSY5V1VuAPFR_KEBU-DCOsO9ihxjXkopCrLLmaKkQYn1wWVBT2COA8ZJtMy7axW6ZAnhzlldjSUuGYbMuVkujUcJRGZRO1eYdNSsldoTJuxAy6uYh4_cA"}
[info] Updating Studio Workspace active project to match Firebase CLI 'campus-trust-tutor-6fdff'
[debug] [2026-01-04T18:11:41.360Z] Checked if tokens are valid: true, expires at: 1767553128205
[debug] [2026-01-04T18:11:41.362Z] Checked if tokens are valid: true, expires at: 1767553128205
[debug] [2026-01-04T18:11:41.370Z] >>> [apiv2][query] PATCH https://monospace-pa.googleapis.com/v1/workspaces/campustrust-61179368 updateMask=workspace.firebaseProjectId
[debug] [2026-01-04T18:11:41.370Z] >>> [apiv2][body] PATCH https://monospace-pa.googleapis.com/v1/workspaces/campustrust-61179368 {"firebaseProjectId":"campus-trust-tutor-6fdff"}
[debug] [2026-01-04T18:11:42.645Z] <<< [apiv2][status] PATCH https://monospace-pa.googleapis.com/v1/workspaces/campustrust-61179368 200
[debug] [2026-01-04T18:11:42.646Z] <<< [apiv2][body] PATCH https://monospace-pa.googleapis.com/v1/workspaces/campustrust-61179368 {"workspaceId":"campustrust-61179368","name":"CampusTrust","workspaceRedirectUrl":"firebase-campustrust-1767537644211.cluster-cz5nqyh5nreq6ua6gaqd7okl7o.cloudworkstations.dev","status":"WORKSPACE_STATUS_RUNNING","lastAccessDatetime":"2026-01-04T15:04:31.248743Z","workspaceTemplate":"WORKSPACE_TEMPLATE_BLANK_WEB","serviceAccountEmail":"msp-8720303040042154557@monospace-2.iam.gserviceaccount.com","enableNix":true,"workspaceImageUrl":"https://www.gstatic.com/monospace/231115/logo_nextjs.svg","templateArgs":"{\"language\":\"ts\",\"srcDir\":true,\"eslint\":true,\"app\":true,\"tailwind\":true,\"__agentic_workspace\":true}","templateRepoUrl":"file:///usr/local/monospace/templates/public/nextjs","firebaseProjectId":"campus-trust-tutor-6fdff"}
[info] 
     ######## #### ########  ######## ########     ###     ######  ########
     ##        ##  ##     ## ##       ##     ##  ##   ##  ##       ##
     ######    ##  ########  ######   ########  #########  ######  ######
     ##        ##  ##    ##  ##       ##     ## ##     ##       ## ##
     ##       #### ##     ## ######## ########  ##     ##  ######  ########

You're about to initialize a Firebase project in this directory:

  /home/user/campustrust

[debug] [2026-01-04T18:12:28.404Z] ExitPromptError: User force closed the prompt with SIGINT
    at Interface.sigint (/home/user/.global_modules/lib/node_modules/firebase-tools/node_modules/@inquirer/core/dist/commonjs/lib/create-prompt.js:101:37)
    at Interface.emit (node:events:518:28)
    at [_ttyWrite] [as _ttyWrite] (node:internal/readline/interface:1125:18)
    at ReadStream.onkeypress (node:internal/readline/interface:264:20)
    at ReadStream.emit (node:events:530:35)
    at emitKeys (node:internal/readline/utils:371:14)
    at emitKeys.next (<anonymous>)
    at ReadStream.onData (node:internal/readline/emitKeypressEvents:64:36)
    at ReadStream.emit (node:events:518:28)
    at addChunk (node:internal/streams/readable:561:12)
[error] 
[error] Error: An unexpected error has occurred.
[debug] [2026-01-04T18:12:34.266Z] ----------------------------------------------------------------------
[debug] [2026-01-04T18:12:34.279Z] Command:       /nix/store/ixbb20farqh1f4fqbmsn6b1ixn8mc8ij-nodejs-20.18.1/bin/node /home/user/.global_modules/bin/firebase init
[debug] [2026-01-04T18:12:34.280Z] CLI Version:   15.1.0
[debug] [2026-01-04T18:12:34.280Z] Platform:      linux
[debug] [2026-01-04T18:12:34.287Z] Node Version:  v20.18.1
[debug] [2026-01-04T18:12:34.287Z] Time:          Sun Jan 04 2026 18:12:34 GMT+0000 (Coordinated Universal Time)
[debug] [2026-01-04T18:12:34.287Z] ----------------------------------------------------------------------
[debug] 
[debug] [2026-01-04T18:12:37.770Z] Checked if tokens are valid: true, expires at: 1767553128205
[debug] [2026-01-04T18:12:37.777Z] Checked if tokens are valid: true, expires at: 1767553128205
[debug] [2026-01-04T18:12:37.794Z] >>> [apiv2][query] GET https://monospace-pa.googleapis.com/v1/workspaces/campustrust-61179368 [none]
[debug] [2026-01-04T18:12:39.067Z] <<< [apiv2][status] GET https://monospace-pa.googleapis.com/v1/workspaces/campustrust-61179368 200
[debug] [2026-01-04T18:12:39.068Z] <<< [apiv2][body] GET https://monospace-pa.googleapis.com/v1/workspaces/campustrust-61179368 {"workspaceId":"campustrust-61179368","name":"CampusTrust","workspaceRedirectUrl":"firebase-campustrust-1767537644211.cluster-cz5nqyh5nreq6ua6gaqd7okl7o.cloudworkstations.dev","status":"WORKSPACE_STATUS_RUNNING","lastAccessDatetime":"2026-01-04T18:11:45.753158Z","workspaceTemplate":"WORKSPACE_TEMPLATE_BLANK_WEB","owner":"SELF","serviceAccountEmail":"msp-8720303040042154557@monospace-2.iam.gserviceaccount.com","enableNix":true,"ownerEmail":"salehabinteshujaat@gmail.com","workspaceImageUrl":"https://www.gstatic.com/monospace/231115/logo_nextjs.svg","templateArgs":"{\"language\":\"ts\",\"srcDir\":true,\"eslint\":true,\"app\":true,\"tailwind\":true,\"__agentic_workspace\":true}","templateRepoUrl":"file:///usr/local/monospace/templates/public/nextjs","workstationAccessToken":"eyJhbGciOiJSUzI1NiIsInR5cCI6IkpXVCJ9.eyJpc3MiOiJodHRwczovL2Nsb3VkLmdvb2dsZS5jb20vd29ya3N0YXRpb25zIiwiYXVkIjoiZmlyZWJhc2UtY2FtcHVzdHJ1c3QtMTc2NzUzNzY0NDIxMS5jbHVzdGVyLWN6NW5xeWg1bnJlcTZ1YTZnYXFkN29rbDdvLmNsb3Vkd29ya3N0YXRpb25zLmRldiIsImlhdCI6MTc2NzU1MDM1OCwiZXhwIjoxNzY3NjM2NzU4fQ.3FR9y5uiBUgznrxtKuhl3ko0WkqCqKdzFGJvIwGXHQzGR-sRd3O4dbCKEQ1UFyZ6CrKFeuFmmlx6bt-XJD4kwx2yXHRhXA4mC5akNfC4V_s45XyVKLjdE8MLXOFgChvGD_e_yFYE_G5sbERyNN6vC2Bgd7yYKyAZrbZILFE95VnPNvqcDEr2ELDcyNqwX-wriOkA6ZvCh4eMWpt965hKCSXzT_hweKX7sTauWVjETUb-RCQecfYqsqGVu5PcCn2VL6gm_rItfQ18BDq9bjNUi9fKVKD7gIk41pmiE0pBTKussyV9ddkf5rvkmCJw9OwDqJThfEykW9K0GRH1DX9v6w","firebaseProjectId":"campus-trust-tutor-6fdff"}
[info] 
     ######## #### ########  ######## ########     ###     ######  ########
     ##        ##  ##     ## ##       ##     ##  ##   ##  ##       ##
     ######    ##  ########  ######   ########  #########  ######  ######
     ##        ##  ##    ##  ##       ##     ## ##     ##       ## ##
     ##       #### ##     ## ######## ########  ##     ##  ######  ########

You're about to initialize a Firebase project in this directory:

  /home/user/campustrust

